-------------------------------------------------------------------------------
Test set: com.orangehrm.runners.TestRunner
-------------------------------------------------------------------------------
Tests run: 1, Failures: 1, Errors: 0, Skipped: 0, Time elapsed: 9.613 s <<< FAILURE! - in com.orangehrm.runners.TestRunner
Add Employee Labels Verification(Add Employee)  Time elapsed: 9.164 s  <<< FAILURE!
java.lang.AssertionError

